0 info it worked if it ends with ok
1 verbose cli [ 'C:\\Program Files\\nodejs\\node.exe',
1 verbose cli   'C:\\Users\\Nihit Saxena\\AppData\\Roaming\\npm\\node_modules\\npm\\bin\\npm-cli.js',
1 verbose cli   'install',
1 verbose cli   '-g',
1 verbose cli   'ionic' ]
2 info using npm@3.10.6
3 info using node@v4.4.5
4 silly loadCurrentTree Starting
5 silly install loadCurrentTree
6 silly install readGlobalPackageData
7 silly fetchPackageMetaData ionic
8 silly fetchNamedPackageData ionic
9 silly mapToRegistry name ionic
10 silly mapToRegistry using default registry
11 silly mapToRegistry registry https://registry.npmjs.org/
12 silly mapToRegistry data Result {
12 silly mapToRegistry   raw: 'ionic',
12 silly mapToRegistry   scope: null,
12 silly mapToRegistry   escapedName: 'ionic',
12 silly mapToRegistry   name: 'ionic',
12 silly mapToRegistry   rawSpec: '',
12 silly mapToRegistry   spec: 'latest',
12 silly mapToRegistry   type: 'tag' }
13 silly mapToRegistry uri https://registry.npmjs.org/ionic
14 verbose request uri https://registry.npmjs.org/ionic
15 verbose request no auth needed
16 info attempt registry request try #1 at 3:00:41 AM
17 verbose request id cbc974ae9530be61
18 verbose etag "A9ERAVPVR2M37RJ5KRC9A1699"
19 http request GET https://registry.npmjs.org/ionic
20 http 200 https://registry.npmjs.org/ionic
21 verbose headers { server: 'CouchDB/1.6.1 (Erlang OTP/R16B03)',
21 verbose headers   etag: '"F44EX7H5KF3S52DQY83ALUR6L"',
21 verbose headers   'content-type': 'application/json',
21 verbose headers   'content-encoding': 'gzip',
21 verbose headers   'cache-control': 'max-age=300',
21 verbose headers   'content-length': '65556',
21 verbose headers   'accept-ranges': 'bytes',
21 verbose headers   date: 'Mon, 22 Aug 2016 21:30:43 GMT',
21 verbose headers   via: '1.1 varnish',
21 verbose headers   age: '0',
21 verbose headers   connection: 'keep-alive',
21 verbose headers   'x-served-by': 'cache-sin6921-SIN',
21 verbose headers   'x-cache': 'HIT',
21 verbose headers   'x-cache-hits': '1',
21 verbose headers   'x-timer': 'S1471901442.865697,VS0,VE887',
21 verbose headers   vary: 'Accept-Encoding' }
22 silly get cb [ 200,
22 silly get   { server: 'CouchDB/1.6.1 (Erlang OTP/R16B03)',
22 silly get     etag: '"F44EX7H5KF3S52DQY83ALUR6L"',
22 silly get     'content-type': 'application/json',
22 silly get     'content-encoding': 'gzip',
22 silly get     'cache-control': 'max-age=300',
22 silly get     'content-length': '65556',
22 silly get     'accept-ranges': 'bytes',
22 silly get     date: 'Mon, 22 Aug 2016 21:30:43 GMT',
22 silly get     via: '1.1 varnish',
22 silly get     age: '0',
22 silly get     connection: 'keep-alive',
22 silly get     'x-served-by': 'cache-sin6921-SIN',
22 silly get     'x-cache': 'HIT',
22 silly get     'x-cache-hits': '1',
22 silly get     'x-timer': 'S1471901442.865697,VS0,VE887',
22 silly get     vary: 'Accept-Encoding' } ]
23 verbose get saving ionic to C:\Users\Nihit Saxena\AppData\Roaming\npm-cache\registry.npmjs.org\ionic\.cache.json
24 verbose correctMkdir C:\Users\Nihit Saxena\AppData\Roaming\npm-cache correctMkdir not in flight; initializing
25 silly install normalizeTree
26 silly loadCurrentTree Finishing
27 silly loadIdealTree Starting
28 silly install loadIdealTree
29 silly cloneCurrentTree Starting
30 silly install cloneCurrentTreeToIdealTree
31 silly cloneCurrentTree Finishing
32 silly loadShrinkwrap Starting
33 silly install loadShrinkwrap
34 silly loadShrinkwrap Finishing
35 silly loadAllDepsIntoIdealTree Starting
36 silly install loadAllDepsIntoIdealTree
37 silly resolveWithNewModule ionic@2.0.0 checking installable status
38 silly cache add args [ 'ionic', null ]
39 verbose cache add spec ionic
40 silly cache add parsed spec Result {
40 silly cache add   raw: 'ionic',
40 silly cache add   scope: null,
40 silly cache add   escapedName: 'ionic',
40 silly cache add   name: 'ionic',
40 silly cache add   rawSpec: '',
40 silly cache add   spec: 'latest',
40 silly cache add   type: 'tag' }
41 silly addNamed ionic@latest
42 verbose addNamed "latest" is being treated as a dist-tag for ionic
43 info addNameTag [ 'ionic', 'latest' ]
44 silly mapToRegistry name ionic
45 silly mapToRegistry using default registry
46 silly mapToRegistry registry https://registry.npmjs.org/
47 silly mapToRegistry data Result {
47 silly mapToRegistry   raw: 'ionic',
47 silly mapToRegistry   scope: null,
47 silly mapToRegistry   escapedName: 'ionic',
47 silly mapToRegistry   name: 'ionic',
47 silly mapToRegistry   rawSpec: '',
47 silly mapToRegistry   spec: 'latest',
47 silly mapToRegistry   type: 'tag' }
48 silly mapToRegistry uri https://registry.npmjs.org/ionic
49 verbose addNameTag registry:https://registry.npmjs.org/ionic not in flight; fetching
50 verbose request uri https://registry.npmjs.org/ionic
51 verbose request no auth needed
52 info attempt registry request try #1 at 3:01:37 AM
53 verbose etag "F44EX7H5KF3S52DQY83ALUR6L"
54 http request GET https://registry.npmjs.org/ionic
55 http 304 https://registry.npmjs.org/ionic
56 verbose headers { date: 'Mon, 22 Aug 2016 21:31:38 GMT',
56 verbose headers   via: '1.1 varnish',
56 verbose headers   'cache-control': 'max-age=300',
56 verbose headers   etag: '"F44EX7H5KF3S52DQY83ALUR6L"',
56 verbose headers   age: '55',
56 verbose headers   connection: 'keep-alive',
56 verbose headers   'x-served-by': 'cache-sin6921-SIN',
56 verbose headers   'x-cache': 'HIT',
56 verbose headers   'x-cache-hits': '2',
56 verbose headers   'x-timer': 'S1471901498.776619,VS0,VE0',
56 verbose headers   vary: 'Accept-Encoding' }
57 silly get cb [ 304,
57 silly get   { date: 'Mon, 22 Aug 2016 21:31:38 GMT',
57 silly get     via: '1.1 varnish',
57 silly get     'cache-control': 'max-age=300',
57 silly get     etag: '"F44EX7H5KF3S52DQY83ALUR6L"',
57 silly get     age: '55',
57 silly get     connection: 'keep-alive',
57 silly get     'x-served-by': 'cache-sin6921-SIN',
57 silly get     'x-cache': 'HIT',
57 silly get     'x-cache-hits': '2',
57 silly get     'x-timer': 'S1471901498.776619,VS0,VE0',
57 silly get     vary: 'Accept-Encoding' } ]
58 verbose etag https://registry.npmjs.org/ionic from cache
59 verbose get saving ionic to C:\Users\Nihit Saxena\AppData\Roaming\npm-cache\registry.npmjs.org\ionic\.cache.json
60 verbose correctMkdir C:\Users\Nihit Saxena\AppData\Roaming\npm-cache correctMkdir not in flight; initializing
61 silly addNameTag next cb for ionic with tag latest
62 silly addNamed ionic@2.0.0
63 verbose addNamed "2.0.0" is a plain semver version for ionic
64 silly mapToRegistry name ionic
65 silly mapToRegistry using default registry
66 silly mapToRegistry registry https://registry.npmjs.org/
67 silly mapToRegistry data Result {
67 silly mapToRegistry   raw: 'ionic',
67 silly mapToRegistry   scope: null,
67 silly mapToRegistry   escapedName: 'ionic',
67 silly mapToRegistry   name: 'ionic',
67 silly mapToRegistry   rawSpec: '',
67 silly mapToRegistry   spec: 'latest',
67 silly mapToRegistry   type: 'tag' }
68 silly mapToRegistry uri https://registry.npmjs.org/ionic
69 verbose addRemoteTarball https://registry.npmjs.org/ionic/-/ionic-2.0.0.tgz not in flight; adding
70 verbose addRemoteTarball [ 'https://registry.npmjs.org/ionic/-/ionic-2.0.0.tgz',
70 verbose addRemoteTarball   '8135804e1f2470292100dedadc571e99023e4f7c' ]
71 info retry fetch attempt 1 at 3:01:51 AM
72 info attempt registry request try #1 at 3:01:51 AM
73 http fetch GET https://registry.npmjs.org/ionic/-/ionic-2.0.0.tgz
74 http fetch 200 https://registry.npmjs.org/ionic/-/ionic-2.0.0.tgz
75 warn retry will retry, error on last attempt: Error: EBUSY: resource busy or locked, rename 'C:\Users\NIHITS~1\AppData\Local\Temp\npm-22252-e142efdd\registry.npmjs.org\ionic\-\ionic-2.0.0.tgz.430860073' -> 'C:\Users\NIHITS~1\AppData\Local\Temp\npm-22252-e142efdd\registry.npmjs.org\ionic\-\ionic-2.0.0.tgz'
76 verbose stack TypeError: tarball.destroy is not a function
76 verbose stack     at WriteStreamAtomic.<anonymous> (C:\Users\Nihit Saxena\AppData\Roaming\npm\node_modules\npm\lib\cache\add-remote-tarball.js:97:15)
76 verbose stack     at emitOne (events.js:82:20)
76 verbose stack     at WriteStreamAtomic.emit (events.js:169:7)
76 verbose stack     at WriteStreamAtomic.emit (C:\Users\Nihit Saxena\AppData\Roaming\npm\node_modules\npm\node_modules\fs-write-stream-atomic\index.js:60:34)
76 verbose stack     at C:\Users\Nihit Saxena\AppData\Roaming\npm\node_modules\npm\node_modules\fs-write-stream-atomic\index.js:89:19
76 verbose stack     at FSReqWrap.oncomplete (fs.js:82:15)
77 verbose cwd E:\gChatter
78 error Windows_NT 10.0.10586
79 error argv "C:\\Program Files\\nodejs\\node.exe" "C:\\Users\\Nihit Saxena\\AppData\\Roaming\\npm\\node_modules\\npm\\bin\\npm-cli.js" "install" "-g" "ionic"
80 error node v4.4.5
81 error npm  v3.10.6
82 error tarball.destroy is not a function
83 error If you need help, you may report this error at:
83 error     <https://github.com/npm/npm/issues>
84 verbose exit [ 1, true ]
